# JRE version: Java(TM) SE Runtime Environment (8.0_121-b13) (build 1.8.0_121-b13)
# Java VM: Java HotSpot(TM) 64-Bit Server VM (25.121-b13 mixed mode linux-amd64 compressed oops)
Heap:
 PSYoungGen      total 961536K, used 276826K [0x000000076e900000, 0x00000007bf900000, 0x00000007c0000000)
  eden space 595968K, 0% used [0x000000076e900000,0x000000076e900000,0x0000000792f00000)
  from space 365568K, 75% used [0x0000000792f00000,0x00000007a3d56910,0x00000007a9400000)
  to   space 361984K, 0% used [0x00000007a9780000,0x00000007a9780000,0x00000007bf900000)
 ParOldGen       total 2669568K, used 1583485K [0x00000006cba00000, 0x000000076e900000, 0x000000076e900000)
  object space 2669568K, 59% used [0x00000006cba00000,0x000000072c45f4c0,0x000000076e900000)
 Metaspace       used 10233K, capacity 10392K, committed 10752K, reserved 1058816K
  class space    used 1072K, capacity 1152K, committed 1280K, reserved 1048576K
GC Heap History (10 events):
Event: 12937,724 GC heap after
Heap after GC invocations=896 (full 44):
 PSYoungGen      total 966144K, used 0K [0x000000076e900000, 0x00000007bf400000, 0x00000007c0000000)
  eden space 609792K, 0% used [0x000000076e900000,0x000000076e900000,0x0000000793c80000)
  from space 356352K, 0% used [0x00000007a9800000,0x00000007a9800000,0x00000007bf400000)
  to   space 355840K, 0% used [0x0000000793c80000,0x0000000793c80000,0x00000007a9800000)
 ParOldGen       total 2669568K, used 1080520K [0x00000006cba00000, 0x000000076e900000, 0x000000076e900000)
  object space 2669568K, 40% used [0x00000006cba00000,0x000000070d9322e8,0x000000076e900000)
 Metaspace       used 10233K, capacity 10392K, committed 10752K, reserved 1058816K
  class space    used 1072K, capacity 1152K, committed 1280K, reserved 1048576K
}
Event: 12947,462 GC heap before
{Heap before GC invocations=897 (full 44):
 PSYoungGen      total 966144K, used 609792K [0x000000076e900000, 0x00000007bf400000, 0x00000007c0000000)
  eden space 609792K, 100% used [0x000000076e900000,0x0000000793c80000,0x0000000793c80000)
  from space 356352K, 0% used [0x00000007a9800000,0x00000007a9800000,0x00000007bf400000)
  to   space 355840K, 0% used [0x0000000793c80000,0x0000000793c80000,0x00000007a9800000)
 ParOldGen       total 2669568K, used 1080520K [0x00000006cba00000, 0x000000076e900000, 0x000000076e900000)
  object space 2669568K, 40% used [0x00000006cba00000,0x000000070d9322e8,0x000000076e900000)
 Metaspace       used 10233K, capacity 10392K, committed 10752K, reserved 1058816K
  class space    used 1072K, capacity 1152K, committed 1280K, reserved 1048576K
Event: 12949,267 GC heap after
Heap after GC invocations=897 (full 44):
 PSYoungGen      total 965632K, used 355822K [0x000000076e900000, 0x00000007c0000000, 0x00000007c0000000)
  eden space 609792K, 0% used [0x000000076e900000,0x000000076e900000,0x0000000793c80000)
  from space 355840K, 99% used [0x0000000793c80000,0x00000007a97fb8d8,0x00000007a9800000)
  to   space 368640K, 0% used [0x00000007a9800000,0x00000007a9800000,0x00000007c0000000)
 ParOldGen       total 2669568K, used 1094854K [0x00000006cba00000, 0x000000076e900000, 0x000000076e900000)
  object space 2669568K, 41% used [0x00000006cba00000,0x000000070e731858,0x000000076e900000)
 Metaspace       used 10233K, capacity 10392K, committed 10752K, reserved 1058816K
  class space    used 1072K, capacity 1152K, committed 1280K, reserved 1048576K
}
Event: 12959,526 GC heap before
{Heap before GC invocations=898 (full 44):
 PSYoungGen      total 965632K, used 965614K [0x000000076e900000, 0x00000007c0000000, 0x00000007c0000000)
  eden space 609792K, 100% used [0x000000076e900000,0x0000000793c80000,0x0000000793c80000)
  from space 355840K, 99% used [0x0000000793c80000,0x00000007a97fb8d8,0x00000007a9800000)
  to   space 368640K, 0% used [0x00000007a9800000,0x00000007a9800000,0x00000007c0000000)
 ParOldGen       total 2669568K, used 1094854K [0x00000006cba00000, 0x000000076e900000, 0x000000076e900000)
  object space 2669568K, 41% used [0x00000006cba00000,0x000000070e731858,0x000000076e900000)
 Metaspace       used 10233K, capacity 10392K, committed 10752K, reserved 1058816K
  class space    used 1072K, capacity 1152K, committed 1280K, reserved 1048576K
Event: 12961,847 GC heap after
Heap after GC invocations=898 (full 44):
 PSYoungGen      total 964608K, used 320170K [0x000000076e900000, 0x00000007c0000000, 0x00000007c0000000)
  eden space 595968K, 0% used [0x000000076e900000,0x000000076e900000,0x0000000792f00000)
  from space 368640K, 86% used [0x00000007a9800000,0x00000007bd0aa910,0x00000007c0000000)
  to   space 369152K, 0% used [0x0000000792f00000,0x0000000792f00000,0x00000007a9780000)
 ParOldGen       total 2669568K, used 1301046K [0x00000006cba00000, 0x000000076e900000, 0x000000076e900000)
  object space 2669568K, 48% used [0x00000006cba00000,0x000000071b08d808,0x000000076e900000)
 Metaspace       used 10233K, capacity 10392K, committed 10752K, reserved 1058816K
  class space    used 1072K, capacity 1152K, committed 1280K, reserved 1048576K
}
Event: 12973,674 GC heap before
{Heap before GC invocations=899 (full 44):
 PSYoungGen      total 964608K, used 916138K [0x000000076e900000, 0x00000007c0000000, 0x00000007c0000000)
  eden space 595968K, 100% used [0x000000076e900000,0x0000000792f00000,0x0000000792f00000)
  from space 368640K, 86% used [0x00000007a9800000,0x00000007bd0aa910,0x00000007c0000000)
  to   space 369152K, 0% used [0x0000000792f00000,0x0000000792f00000,0x00000007a9780000)
 ParOldGen       total 2669568K, used 1301046K [0x00000006cba00000, 0x000000076e900000, 0x000000076e900000)
  object space 2669568K, 48% used [0x00000006cba00000,0x000000071b08d808,0x000000076e900000)
 Metaspace       used 10233K, capacity 10392K, committed 10752K, reserved 1058816K
  class space    used 1072K, capacity 1152K, committed 1280K, reserved 1048576K
Event: 12975,478 GC heap after
Heap after GC invocations=899 (full 44):
 PSYoungGen      total 965120K, used 332213K [0x000000076e900000, 0x00000007c0000000, 0x00000007c0000000)
  eden space 595968K, 0% used [0x000000076e900000,0x000000076e900000,0x0000000792f00000)
  from space 369152K, 89% used [0x0000000792f00000,0x00000007a736d680,0x00000007a9780000)
  to   space 369152K, 0% used [0x00000007a9780000,0x00000007a9780000,0x00000007c0000000)
 ParOldGen       total 2669568K, used 1409706K [0x00000006cba00000, 0x000000076e900000, 0x000000076e900000)
  object space 2669568K, 52% used [0x00000006cba00000,0x0000000721aaa8d8,0x000000076e900000)
 Metaspace       used 10233K, capacity 10392K, committed 10752K, reserved 1058816K
  class space    used 1072K, capacity 1152K, committed 1280K, reserved 1048576K
}
Event: 12986,002 GC heap before
{Heap before GC invocations=900 (full 44):
 PSYoungGen      total 965120K, used 928181K [0x000000076e900000, 0x00000007c0000000, 0x00000007c0000000)
  eden space 595968K, 100% used [0x000000076e900000,0x0000000792f00000,0x0000000792f00000)
  from space 369152K, 89% used [0x0000000792f00000,0x00000007a736d680,0x00000007a9780000)
  to   space 369152K, 0% used [0x00000007a9780000,0x00000007a9780000,0x00000007c0000000)
 ParOldGen       total 2669568K, used 1409706K [0x00000006cba00000, 0x000000076e900000, 0x000000076e900000)
  object space 2669568K, 52% used [0x00000006cba00000,0x0000000721aaa8d8,0x000000076e900000)
 Metaspace       used 10233K, capacity 10392K, committed 10752K, reserved 1058816K
  class space    used 1072K, capacity 1152K, committed 1280K, reserved 1048576K
Event: 12987,523 GC heap after
Heap after GC invocations=900 (full 44):
 PSYoungGen      total 957952K, used 310855K [0x000000076e900000, 0x00000007bf900000, 0x00000007c0000000)
  eden space 595968K, 0% used [0x000000076e900000,0x000000076e900000,0x0000000792f00000)
  from space 361984K, 85% used [0x00000007a9780000,0x00000007bc711c88,0x00000007bf900000)
  to   space 365568K, 0% used [0x0000000792f00000,0x0000000792f00000,0x00000007a9400000)
 ParOldGen       total 2669568K, used 1502720K [0x00000006cba00000, 0x000000076e900000, 0x000000076e900000)
  object space 2669568K, 56% used [0x00000006cba00000,0x0000000727580138,0x000000076e900000)
 Metaspace       used 10233K, capacity 10392K, committed 10752K, reserved 1058816K
  class space    used 1072K, capacity 1152K, committed 1280K, reserved 1048576K
}
Event: 12997,495 GC heap before
{Heap before GC invocations=901 (full 44):
 PSYoungGen      total 957952K, used 906823K [0x000000076e900000, 0x00000007bf900000, 0x00000007c0000000)
  eden space 595968K, 100% used [0x000000076e900000,0x0000000792f00000,0x0000000792f00000)
  from space 361984K, 85% used [0x00000007a9780000,0x00000007bc711c88,0x00000007bf900000)
  to   space 365568K, 0% used [0x0000000792f00000,0x0000000792f00000,0x00000007a9400000)
 ParOldGen       total 2669568K, used 1502720K [0x00000006cba00000, 0x000000076e900000, 0x000000076e900000)
  object space 2669568K, 56% used [0x00000006cba00000,0x0000000727580138,0x000000076e900000)
 Metaspace       used 10233K, capacity 10392K, committed 10752K, reserved 1058816K
  class space    used 1072K, capacity 1152K, committed 1280K, reserved 1048576K

